study index2
Site ID   Ant. Elev. AMSL (m )  Frequency (MHz)  ERPi(dbW) Orient./Pol.  Group  Coordinates
--------  --------------------  ---------------  ----------  ------------  -----  ---------------------------
ABAA0001                 421.5        960.00000        9.40    Use file-vertical      1  N44į26'59.37" W122į55'07.35"
ABAB0001                 508.2        960.00000        9.40    Use file-vertical      1  N44į26'28.03" W122į58'15.65"
ABAC0001                 612.2        960.00000        9.40    Use file-vertical      1  N44į26'00.57" W122į53'05.49"
ABAD0002                 923.7        960.00000        4.00    Use file-vertical      1  N44į30'48.76" W122į37'05.83"
ABAE0001                 436.0        960.00000        4.00    Use file-vertical      1  N44į36'36.44" W122į43'01.26"
ABAE0002                 436.0        960.00000        2.20    Use file-vertical      1  N44į36'36.44" W122į43'01.26"
ABAE0003                 436.0        960.00000        2.20    Use file-vertical      1  N44į36'36.44" W122į43'01.26"
M101                     136.7        960.00000        6.40    Use file-vertical      1  N44į39'08.11" W123į07'30.60"
M102                      76.9        960.00000       12.40    Use file-vertical      1  N44į39'24.87" W123į04'27.89"
ABAF0001                  76.9        960.00000       12.40    Use file-vertical      1  N44į39'24.87" W123į04'27.89"
M103                     210.7        960.00000        8.40    Use file-vertical      1  N44į39'10.20" W123į01'00.05"
ABAG0001                 210.7        960.00000       10.40    Use file-vertical      1  N44į39'10.20" W123į01'00.05"
M104                      91.3        960.00000       11.40    Use file-vertical      1  N44į37'31.97" W123į02'09.41"
M105                      90.6        960.00000       12.40    Use file-vertical      1  N44į35'36.51" W123į04'18.50"
M201                     288.8        960.00000        9.40    Use file-vertical      1  N44į30'33.64" W122į57'22.02"
M202                     126.5        960.00000        9.90    Use file-vertical      1  N44į33'12.72" W122į58'35.10"
M203                     139.9        960.00000       11.40    Use file-vertical      1  N44į34'54.17" W122į54'50.96"
W203                     159.9        960.00000       17.00    Use file-vertical      1  N44į34'54.17" W122į54'50.96"
M301                      81.6        960.00000       15.40    Use file-vertical      1  N44į51'16.70" W123į13'39.48"
M302                      96.6        960.00000       12.90    Use file-vertical      1  N44į51'16.70" W123į13'39.48"
M401                     143.9        960.00000       13.90    Use file-vertical      1  N44į49'25.40" W122į53'00.59"
M402                     143.9        960.00000       13.90    Use file-vertical      1  N44į49'25.40" W122į53'00.59"
M403                     138.9        960.00000       15.90    Use file-vertical      1  N44į49'25.40" W122į53'00.59"
W101                     291.0        960.00000        9.40    Use file-vertical      1  N44į28'08.88" W123į01'21.26"
W102                     286.0        960.00000        6.50    Use file-vertical      1  N44į28'08.88" W123į01'21.26"
W201                     467.3        960.00000        4.90    Use file-vertical      1  N44į28'02.06" W122į54'07.74"
W202                     467.3        960.00000        7.00    Use file-vertical      1  N44į28'02.06" W122į54'07.74"
